<?xml version="1.0" encoding="UTF-8"?>
<!-- Generated by org.testng.reporters.JUnitReportReporter -->
<testsuite hostname="DESKTOP-34O05DG" failures="0" tests="2" name="almosaferProject1.mosaferPro" time="2.149" errors="0" timestamp="2023-12-06T15:18:59 EET" skipped="0">
  <testcase classname="almosaferProject1.mosaferPro" name="langugeTest" time="2.096"/>
  <system-out/>
  <testcase classname="almosaferProject1.mosaferPro" name="checkCurunty" time="0.053"/>
  <system-out/>
</testsuite> <!-- almosaferProject1.mosaferPro -->
